<?xml version="1.0" encoding="UTF-8"?>
<!-- Generated by org.testng.reporters.JUnitXMLReporter -->
<testsuite ignored="0" hostname="DESKTOP-16NLEGV" failures="0" tests="10" name="CRMTestAutomation" time="176.979" errors="0" timestamp="2024-03-11T20:30:42 IST">
  <testcase classname="com.crm.qa.test.HomePageTest" name="homePageTitleTest" time="0.01"/>
  <testcase classname="com.crm.qa.test.HomePageTest" name="verifyUserNameTest" time="1.959"/>
  <testcase classname="com.crm.qa.test.HomePageTest" name="verifyContactsLinkTest" time="0.001"/>
  <testcase classname="com.crm.qa.test.LoginPageTest" name="loginPageTitleTest" time="0.01"/>
  <testcase classname="com.crm.qa.test.LoginPageTest" name="loginTest" time="12.082"/>
  <testcase classname="com.crm.qa.test.ContactPageTest" name="verifyContactLabel" time="1.91"/>
  <testcase classname="com.crm.qa.test.ContactPageTest" name="selectContactsTest" time="1.07"/>
  <testcase classname="com.crm.qa.test.ContactPageTest" name="validateCreateNewContact" time="5.792"/>
  <testcase classname="com.crm.qa.test.ContactPageTest" name="validateCreateNewContact" time="3.305"/>
  <testcase classname="com.crm.qa.test.ContactPageTest" name="validateCreateNewContact" time="3.248"/>
</testsuite> <!-- CRMTestAutomation -->
